Thu Aug 09 2018 19:15:37 GMT+0300 (East Africa Time): GET /about
Thu Aug 09 2018 19:25:18 GMT+0300 (East Africa Time): GET /about
Thu Aug 09 2018 19:26:05 GMT+0300 (East Africa Time): GET /about
Thu Aug 09 2018 19:26:26 GMT+0300 (East Africa Time): GET /about
Thu Aug 09 2018 19:26:35 GMT+0300 (East Africa Time): GET /about
Thu Aug 09 2018 19:26:52 GMT+0300 (East Africa Time): GET /about
Thu Aug 09 2018 19:26:55 GMT+0300 (East Africa Time): GET /about
Thu Aug 09 2018 19:27:03 GMT+0300 (East Africa Time): GET /about
Thu Aug 09 2018 19:27:20 GMT+0300 (East Africa Time): GET /about
Thu Aug 09 2018 19:28:09 GMT+0300 (East Africa Time): GET /about
Thu Aug 09 2018 19:28:35 GMT+0300 (East Africa Time): GET /about
Thu Aug 09 2018 19:29:10 GMT+0300 (East Africa Time): GET /about
Thu Aug 09 2018 19:29:26 GMT+0300 (East Africa Time): GET /about
Thu Aug 09 2018 19:29:30 GMT+0300 (East Africa Time): GET /
Thu Aug 09 2018 19:30:08 GMT+0300 (East Africa Time): GET /about
Thu Aug 09 2018 19:31:02 GMT+0300 (East Africa Time): GET /about
Thu Aug 09 2018 19:31:16 GMT+0300 (East Africa Time): GET /about
Thu Aug 09 2018 19:32:13 GMT+0300 (East Africa Time): GET /about
Thu Aug 09 2018 19:35:00 GMT+0300 (East Africa Time): GET /about/help.html
Thu Aug 09 2018 19:35:05 GMT+0300 (East Africa Time): GET /about/help.html
Thu Aug 09 2018 19:35:08 GMT+0300 (East Africa Time): GET /about/help.html
Thu Aug 09 2018 19:35:09 GMT+0300 (East Africa Time): GET /about/help.html
Thu Aug 09 2018 19:35:11 GMT+0300 (East Africa Time): GET /about/help.html
Thu Aug 09 2018 19:35:13 GMT+0300 (East Africa Time): GET /about/help.html
Thu Aug 09 2018 19:35:29 GMT+0300 (East Africa Time): GET /about/help.html
Thu Aug 09 2018 19:35:38 GMT+0300 (East Africa Time): GET /about/help.html
Thu Aug 09 2018 19:35:41 GMT+0300 (East Africa Time): GET /about/help.html
Thu Aug 09 2018 19:37:00 GMT+0300 (East Africa Time): GET /about/help.html
Thu Aug 09 2018 19:37:03 GMT+0300 (East Africa Time): GET /about/help.html
Thu Aug 09 2018 19:37:35 GMT+0300 (East Africa Time): GET /about/help.html
Thu Aug 09 2018 19:40:23 GMT+0300 (East Africa Time): GET /help.html
Fri Aug 10 2018 05:56:22 GMT+0300 (East Africa Time): GET /
Fri Aug 10 2018 05:56:24 GMT+0300 (East Africa Time): GET /favicon.ico
Fri Aug 10 2018 05:56:40 GMT+0300 (East Africa Time): GET /
Fri Aug 10 2018 05:57:39 GMT+0300 (East Africa Time): GET /
Fri Aug 10 2018 05:57:43 GMT+0300 (East Africa Time): GET /
Fri Aug 10 2018 05:57:47 GMT+0300 (East Africa Time): GET /
Fri Aug 10 2018 05:58:17 GMT+0300 (East Africa Time): GET /
Fri Aug 10 2018 05:58:29 GMT+0300 (East Africa Time): GET /
Fri Aug 10 2018 05:58:38 GMT+0300 (East Africa Time): GET /
Fri Aug 10 2018 05:58:41 GMT+0300 (East Africa Time): GET /about
Fri Aug 10 2018 05:58:43 GMT+0300 (East Africa Time): GET /
